<?xml version="1.0" encoding="UTF-8"?>
<testsuite xmlns:xsi="http://www.w3.org/2001/XMLSchema-instance" xsi:noNamespaceSchemaLocation="https://maven.apache.org/surefire/maven-surefire-plugin/xsd/surefire-test-report.xsd" name="Test" time="0.004" tests="0" errors="0" skipped="0" failures="0">
  <properties>
    <property name="sun.desktop" value="windows"/>
    <property name="awt.toolkit" value="sun.awt.windows.WToolkit"/>
    <property name="file.encoding.pkg" value="sun.io"/>
    <property name="java.specification.version" value="1.8"/>
    <property name="sun.cpu.isalist" value="amd64"/>
    <property name="sun.jnu.encoding" value="GBK"/>
    <property name="java.class.path" value="D:\java\workspace\exlipse1908\yjy-mq-git\target\test-classes;D:\java\workspace\exlipse1908\yjy-mq-git\target\classes;D:\java\mvn\repository\org\springframework\boot\spring-boot-starter-web\2.0.0.RELEASE\spring-boot-starter-web-2.0.0.RELEASE.jar;D:\java\mvn\repository\org\springframework\boot\spring-boot-starter\2.0.0.RELEASE\spring-boot-starter-2.0.0.RELEASE.jar;D:\java\mvn\repository\org\springframework\boot\spring-boot\2.0.0.RELEASE\spring-boot-2.0.0.RELEASE.jar;D:\java\mvn\repository\org\springframework\boot\spring-boot-autoconfigure\2.0.0.RELEASE\spring-boot-autoconfigure-2.0.0.RELEASE.jar;D:\java\mvn\repository\org\springframework\boot\spring-boot-starter-logging\2.0.0.RELEASE\spring-boot-starter-logging-2.0.0.RELEASE.jar;D:\java\mvn\repository\ch\qos\logback\logback-classic\1.2.3\logback-classic-1.2.3.jar;D:\java\mvn\repository\ch\qos\logback\logback-core\1.2.3\logback-core-1.2.3.jar;D:\java\mvn\repository\org\slf4j\slf4j-api\1.7.25\slf4j-api-1.7.25.jar;D:\java\mvn\repository\org\apache\logging\log4j\log4j-to-slf4j\2.10.0\log4j-to-slf4j-2.10.0.jar;D:\java\mvn\repository\org\apache\logging\log4j\log4j-api\2.10.0\log4j-api-2.10.0.jar;D:\java\mvn\repository\org\slf4j\jul-to-slf4j\1.7.25\jul-to-slf4j-1.7.25.jar;D:\java\mvn\repository\javax\annotation\javax.annotation-api\1.3.2\javax.annotation-api-1.3.2.jar;D:\java\mvn\repository\org\springframework\spring-core\5.0.4.RELEASE\spring-core-5.0.4.RELEASE.jar;D:\java\mvn\repository\org\springframework\spring-jcl\5.0.4.RELEASE\spring-jcl-5.0.4.RELEASE.jar;D:\java\mvn\repository\org\yaml\snakeyaml\1.19\snakeyaml-1.19.jar;D:\java\mvn\repository\org\springframework\boot\spring-boot-starter-json\2.0.0.RELEASE\spring-boot-starter-json-2.0.0.RELEASE.jar;D:\java\mvn\repository\com\fasterxml\jackson\core\jackson-databind\2.9.4\jackson-databind-2.9.4.jar;D:\java\mvn\repository\com\fasterxml\jackson\core\jackson-annotations\2.9.0\jackson-annotations-2.9.0.jar;D:\java\mvn\repository\com\fasterxml\jackson\core\jackson-core\2.9.4\jackson-core-2.9.4.jar;D:\java\mvn\repository\com\fasterxml\jackson\datatype\jackson-datatype-jdk8\2.9.4\jackson-datatype-jdk8-2.9.4.jar;D:\java\mvn\repository\com\fasterxml\jackson\datatype\jackson-datatype-jsr310\2.9.4\jackson-datatype-jsr310-2.9.4.jar;D:\java\mvn\repository\com\fasterxml\jackson\module\jackson-module-parameter-names\2.9.4\jackson-module-parameter-names-2.9.4.jar;D:\java\mvn\repository\org\springframework\boot\spring-boot-starter-tomcat\2.0.0.RELEASE\spring-boot-starter-tomcat-2.0.0.RELEASE.jar;D:\java\mvn\repository\org\apache\tomcat\embed\tomcat-embed-core\8.5.28\tomcat-embed-core-8.5.28.jar;D:\java\mvn\repository\org\apache\tomcat\embed\tomcat-embed-el\8.5.28\tomcat-embed-el-8.5.28.jar;D:\java\mvn\repository\org\apache\tomcat\embed\tomcat-embed-websocket\8.5.28\tomcat-embed-websocket-8.5.28.jar;D:\java\mvn\repository\org\hibernate\validator\hibernate-validator\6.0.7.Final\hibernate-validator-6.0.7.Final.jar;D:\java\mvn\repository\javax\validation\validation-api\2.0.1.Final\validation-api-2.0.1.Final.jar;D:\java\mvn\repository\org\jboss\logging\jboss-logging\3.3.2.Final\jboss-logging-3.3.2.Final.jar;D:\java\mvn\repository\com\fasterxml\classmate\1.3.4\classmate-1.3.4.jar;D:\java\mvn\repository\org\springframework\spring-web\5.0.4.RELEASE\spring-web-5.0.4.RELEASE.jar;D:\java\mvn\repository\org\springframework\spring-beans\5.0.4.RELEASE\spring-beans-5.0.4.RELEASE.jar;D:\java\mvn\repository\org\springframework\spring-webmvc\5.0.4.RELEASE\spring-webmvc-5.0.4.RELEASE.jar;D:\java\mvn\repository\org\springframework\spring-aop\5.0.4.RELEASE\spring-aop-5.0.4.RELEASE.jar;D:\java\mvn\repository\org\springframework\spring-context\5.0.4.RELEASE\spring-context-5.0.4.RELEASE.jar;D:\java\mvn\repository\org\springframework\spring-expression\5.0.4.RELEASE\spring-expression-5.0.4.RELEASE.jar;D:\java\mvn\repository\org\springframework\cloud\spring-cloud-starter-stream-rabbit\2.0.2.RELEASE\spring-cloud-starter-stream-rabbit-2.0.2.RELEASE.jar;D:\java\mvn\repository\org\springframework\cloud\spring-cloud-stream-binder-rabbit\2.0.2.RELEASE\spring-cloud-stream-binder-rabbit-2.0.2.RELEASE.jar;D:\java\mvn\repository\org\springframework\cloud\spring-cloud-stream-binder-rabbit-core\2.0.2.RELEASE\spring-cloud-stream-binder-rabbit-core-2.0.2.RELEASE.jar;D:\java\mvn\repository\com\rabbitmq\http-client\2.0.1.RELEASE\http-client-2.0.1.RELEASE.jar;D:\java\mvn\repository\org\springframework\spring-webflux\5.0.4.RELEASE\spring-webflux-5.0.4.RELEASE.jar;D:\java\mvn\repository\org\apache\httpcomponents\httpclient\4.5.5\httpclient-4.5.5.jar;D:\java\mvn\repository\org\apache\httpcomponents\httpcore\4.4.9\httpcore-4.4.9.jar;D:\java\mvn\repository\commons-codec\commons-codec\1.11\commons-codec-1.11.jar;D:\java\mvn\repository\io\projectreactor\ipc\reactor-netty\0.7.5.RELEASE\reactor-netty-0.7.5.RELEASE.jar;D:\java\mvn\repository\io\netty\netty-codec-http\4.1.22.Final\netty-codec-http-4.1.22.Final.jar;D:\java\mvn\repository\io\netty\netty-codec\4.1.22.Final\netty-codec-4.1.22.Final.jar;D:\java\mvn\repository\io\netty\netty-handler\4.1.22.Final\netty-handler-4.1.22.Final.jar;D:\java\mvn\repository\io\netty\netty-buffer\4.1.22.Final\netty-buffer-4.1.22.Final.jar;D:\java\mvn\repository\io\netty\netty-transport\4.1.22.Final\netty-transport-4.1.22.Final.jar;D:\java\mvn\repository\io\netty\netty-resolver\4.1.22.Final\netty-resolver-4.1.22.Final.jar;D:\java\mvn\repository\io\netty\netty-handler-proxy\4.1.22.Final\netty-handler-proxy-4.1.22.Final.jar;D:\java\mvn\repository\io\netty\netty-codec-socks\4.1.22.Final\netty-codec-socks-4.1.22.Final.jar;D:\java\mvn\repository\io\netty\netty-transport-native-epoll\4.1.22.Final\netty-transport-native-epoll-4.1.22.Final.jar;D:\java\mvn\repository\io\netty\netty-common\4.1.22.Final\netty-common-4.1.22.Final.jar;D:\java\mvn\repository\io\netty\netty-transport-native-unix-common\4.1.22.Final\netty-transport-native-unix-common-4.1.22.Final.jar;D:\java\mvn\repository\org\springframework\cloud\spring-cloud-stream\2.0.2.RELEASE\spring-cloud-stream-2.0.2.RELEASE.jar;D:\java\mvn\repository\org\springframework\boot\spring-boot-starter-validation\2.0.0.RELEASE\spring-boot-starter-validation-2.0.0.RELEASE.jar;D:\java\mvn\repository\org\springframework\spring-messaging\5.0.4.RELEASE\spring-messaging-5.0.4.RELEASE.jar;D:\java\mvn\repository\org\springframework\spring-tuple\1.0.0.RELEASE\spring-tuple-1.0.0.RELEASE.jar;D:\java\mvn\repository\com\esotericsoftware\kryo-shaded\3.0.3\kryo-shaded-3.0.3.jar;D:\java\mvn\repository\com\esotericsoftware\minlog\1.3.0\minlog-1.3.0.jar;D:\java\mvn\repository\org\objenesis\objenesis\2.1\objenesis-2.1.jar;D:\java\mvn\repository\org\springframework\integration\spring-integration-tuple\1.0.0.RELEASE\spring-integration-tuple-1.0.0.RELEASE.jar;D:\java\mvn\repository\org\springframework\retry\spring-retry\1.2.2.RELEASE\spring-retry-1.2.2.RELEASE.jar;D:\java\mvn\repository\org\springframework\boot\spring-boot-starter-amqp\2.0.0.RELEASE\spring-boot-starter-amqp-2.0.0.RELEASE.jar;D:\java\mvn\repository\org\springframework\amqp\spring-rabbit\2.0.2.RELEASE\spring-rabbit-2.0.2.RELEASE.jar;D:\java\mvn\repository\org\springframework\amqp\spring-amqp\2.0.2.RELEASE\spring-amqp-2.0.2.RELEASE.jar;D:\java\mvn\repository\com\rabbitmq\amqp-client\5.1.2\amqp-client-5.1.2.jar;D:\java\mvn\repository\org\springframework\integration\spring-integration-amqp\5.0.3.RELEASE\spring-integration-amqp-5.0.3.RELEASE.jar;D:\java\mvn\repository\org\springframework\integration\spring-integration-core\5.0.3.RELEASE\spring-integration-core-5.0.3.RELEASE.jar;D:\java\mvn\repository\org\springframework\spring-tx\5.0.4.RELEASE\spring-tx-5.0.4.RELEASE.jar;D:\java\mvn\repository\io\projectreactor\reactor-core\3.1.5.RELEASE\reactor-core-3.1.5.RELEASE.jar;D:\java\mvn\repository\org\reactivestreams\reactive-streams\1.0.2\reactive-streams-1.0.2.jar;D:\java\mvn\repository\io\micrometer\micrometer-core\1.0.1\micrometer-core-1.0.1.jar;D:\java\mvn\repository\org\hdrhistogram\HdrHistogram\2.1.10\HdrHistogram-2.1.10.jar;D:\java\mvn\repository\org\latencyutils\LatencyUtils\2.0.3\LatencyUtils-2.0.3.jar;D:\java\mvn\repository\org\springframework\integration\spring-integration-jmx\5.0.3.RELEASE\spring-integration-jmx-5.0.3.RELEASE.jar;D:\java\mvn\repository\org\apache\commons\commons-lang3\3.7\commons-lang3-3.7.jar;D:\java\mvn\repository\com\alibaba\fastjson\1.2.49\fastjson-1.2.49.jar;"/>
    <property name="java.vm.vendor" value="Oracle Corporation"/>
    <property name="sun.arch.data.model" value="64"/>
    <property name="user.variant" value=""/>
    <property name="java.vendor.url" value="http://java.oracle.com/"/>
    <property name="user.timezone" value="Asia/Shanghai"/>
    <property name="java.vm.specification.version" value="1.8"/>
    <property name="os.name" value="Windows 8.1"/>
    <property name="user.country" value="CN"/>
    <property name="sun.java.launcher" value="SUN_STANDARD"/>
    <property name="sun.boot.library.path" value="D:\java\program\jdk1.8\bin"/>
    <property name="sun.java.command" value="C:\Users\yjy\AppData\Local\Temp\surefire9204561964945506569\surefirebooter1521488697218547584.jar C:\Users\yjy\AppData\Local\Temp\surefire9204561964945506569 2019-08-16T12-42-02_276-jvmRun1 surefire2937051219761377677tmp surefire_08441076105633660343tmp"/>
    <property name="surefire.test.class.path" value="D:\java\workspace\exlipse1908\yjy-mq-git\target\test-classes;D:\java\workspace\exlipse1908\yjy-mq-git\target\classes;D:\java\mvn\repository\org\springframework\boot\spring-boot-starter-web\2.0.0.RELEASE\spring-boot-starter-web-2.0.0.RELEASE.jar;D:\java\mvn\repository\org\springframework\boot\spring-boot-starter\2.0.0.RELEASE\spring-boot-starter-2.0.0.RELEASE.jar;D:\java\mvn\repository\org\springframework\boot\spring-boot\2.0.0.RELEASE\spring-boot-2.0.0.RELEASE.jar;D:\java\mvn\repository\org\springframework\boot\spring-boot-autoconfigure\2.0.0.RELEASE\spring-boot-autoconfigure-2.0.0.RELEASE.jar;D:\java\mvn\repository\org\springframework\boot\spring-boot-starter-logging\2.0.0.RELEASE\spring-boot-starter-logging-2.0.0.RELEASE.jar;D:\java\mvn\repository\ch\qos\logback\logback-classic\1.2.3\logback-classic-1.2.3.jar;D:\java\mvn\repository\ch\qos\logback\logback-core\1.2.3\logback-core-1.2.3.jar;D:\java\mvn\repository\org\slf4j\slf4j-api\1.7.25\slf4j-api-1.7.25.jar;D:\java\mvn\repository\org\apache\logging\log4j\log4j-to-slf4j\2.10.0\log4j-to-slf4j-2.10.0.jar;D:\java\mvn\repository\org\apache\logging\log4j\log4j-api\2.10.0\log4j-api-2.10.0.jar;D:\java\mvn\repository\org\slf4j\jul-to-slf4j\1.7.25\jul-to-slf4j-1.7.25.jar;D:\java\mvn\repository\javax\annotation\javax.annotation-api\1.3.2\javax.annotation-api-1.3.2.jar;D:\java\mvn\repository\org\springframework\spring-core\5.0.4.RELEASE\spring-core-5.0.4.RELEASE.jar;D:\java\mvn\repository\org\springframework\spring-jcl\5.0.4.RELEASE\spring-jcl-5.0.4.RELEASE.jar;D:\java\mvn\repository\org\yaml\snakeyaml\1.19\snakeyaml-1.19.jar;D:\java\mvn\repository\org\springframework\boot\spring-boot-starter-json\2.0.0.RELEASE\spring-boot-starter-json-2.0.0.RELEASE.jar;D:\java\mvn\repository\com\fasterxml\jackson\core\jackson-databind\2.9.4\jackson-databind-2.9.4.jar;D:\java\mvn\repository\com\fasterxml\jackson\core\jackson-annotations\2.9.0\jackson-annotations-2.9.0.jar;D:\java\mvn\repository\com\fasterxml\jackson\core\jackson-core\2.9.4\jackson-core-2.9.4.jar;D:\java\mvn\repository\com\fasterxml\jackson\datatype\jackson-datatype-jdk8\2.9.4\jackson-datatype-jdk8-2.9.4.jar;D:\java\mvn\repository\com\fasterxml\jackson\datatype\jackson-datatype-jsr310\2.9.4\jackson-datatype-jsr310-2.9.4.jar;D:\java\mvn\repository\com\fasterxml\jackson\module\jackson-module-parameter-names\2.9.4\jackson-module-parameter-names-2.9.4.jar;D:\java\mvn\repository\org\springframework\boot\spring-boot-starter-tomcat\2.0.0.RELEASE\spring-boot-starter-tomcat-2.0.0.RELEASE.jar;D:\java\mvn\repository\org\apache\tomcat\embed\tomcat-embed-core\8.5.28\tomcat-embed-core-8.5.28.jar;D:\java\mvn\repository\org\apache\tomcat\embed\tomcat-embed-el\8.5.28\tomcat-embed-el-8.5.28.jar;D:\java\mvn\repository\org\apache\tomcat\embed\tomcat-embed-websocket\8.5.28\tomcat-embed-websocket-8.5.28.jar;D:\java\mvn\repository\org\hibernate\validator\hibernate-validator\6.0.7.Final\hibernate-validator-6.0.7.Final.jar;D:\java\mvn\repository\javax\validation\validation-api\2.0.1.Final\validation-api-2.0.1.Final.jar;D:\java\mvn\repository\org\jboss\logging\jboss-logging\3.3.2.Final\jboss-logging-3.3.2.Final.jar;D:\java\mvn\repository\com\fasterxml\classmate\1.3.4\classmate-1.3.4.jar;D:\java\mvn\repository\org\springframework\spring-web\5.0.4.RELEASE\spring-web-5.0.4.RELEASE.jar;D:\java\mvn\repository\org\springframework\spring-beans\5.0.4.RELEASE\spring-beans-5.0.4.RELEASE.jar;D:\java\mvn\repository\org\springframework\spring-webmvc\5.0.4.RELEASE\spring-webmvc-5.0.4.RELEASE.jar;D:\java\mvn\repository\org\springframework\spring-aop\5.0.4.RELEASE\spring-aop-5.0.4.RELEASE.jar;D:\java\mvn\repository\org\springframework\spring-context\5.0.4.RELEASE\spring-context-5.0.4.RELEASE.jar;D:\java\mvn\repository\org\springframework\spring-expression\5.0.4.RELEASE\spring-expression-5.0.4.RELEASE.jar;D:\java\mvn\repository\org\springframework\cloud\spring-cloud-starter-stream-rabbit\2.0.2.RELEASE\spring-cloud-starter-stream-rabbit-2.0.2.RELEASE.jar;D:\java\mvn\repository\org\springframework\cloud\spring-cloud-stream-binder-rabbit\2.0.2.RELEASE\spring-cloud-stream-binder-rabbit-2.0.2.RELEASE.jar;D:\java\mvn\repository\org\springframework\cloud\spring-cloud-stream-binder-rabbit-core\2.0.2.RELEASE\spring-cloud-stream-binder-rabbit-core-2.0.2.RELEASE.jar;D:\java\mvn\repository\com\rabbitmq\http-client\2.0.1.RELEASE\http-client-2.0.1.RELEASE.jar;D:\java\mvn\repository\org\springframework\spring-webflux\5.0.4.RELEASE\spring-webflux-5.0.4.RELEASE.jar;D:\java\mvn\repository\org\apache\httpcomponents\httpclient\4.5.5\httpclient-4.5.5.jar;D:\java\mvn\repository\org\apache\httpcomponents\httpcore\4.4.9\httpcore-4.4.9.jar;D:\java\mvn\repository\commons-codec\commons-codec\1.11\commons-codec-1.11.jar;D:\java\mvn\repository\io\projectreactor\ipc\reactor-netty\0.7.5.RELEASE\reactor-netty-0.7.5.RELEASE.jar;D:\java\mvn\repository\io\netty\netty-codec-http\4.1.22.Final\netty-codec-http-4.1.22.Final.jar;D:\java\mvn\repository\io\netty\netty-codec\4.1.22.Final\netty-codec-4.1.22.Final.jar;D:\java\mvn\repository\io\netty\netty-handler\4.1.22.Final\netty-handler-4.1.22.Final.jar;D:\java\mvn\repository\io\netty\netty-buffer\4.1.22.Final\netty-buffer-4.1.22.Final.jar;D:\java\mvn\repository\io\netty\netty-transport\4.1.22.Final\netty-transport-4.1.22.Final.jar;D:\java\mvn\repository\io\netty\netty-resolver\4.1.22.Final\netty-resolver-4.1.22.Final.jar;D:\java\mvn\repository\io\netty\netty-handler-proxy\4.1.22.Final\netty-handler-proxy-4.1.22.Final.jar;D:\java\mvn\repository\io\netty\netty-codec-socks\4.1.22.Final\netty-codec-socks-4.1.22.Final.jar;D:\java\mvn\repository\io\netty\netty-transport-native-epoll\4.1.22.Final\netty-transport-native-epoll-4.1.22.Final.jar;D:\java\mvn\repository\io\netty\netty-common\4.1.22.Final\netty-common-4.1.22.Final.jar;D:\java\mvn\repository\io\netty\netty-transport-native-unix-common\4.1.22.Final\netty-transport-native-unix-common-4.1.22.Final.jar;D:\java\mvn\repository\org\springframework\cloud\spring-cloud-stream\2.0.2.RELEASE\spring-cloud-stream-2.0.2.RELEASE.jar;D:\java\mvn\repository\org\springframework\boot\spring-boot-starter-validation\2.0.0.RELEASE\spring-boot-starter-validation-2.0.0.RELEASE.jar;D:\java\mvn\repository\org\springframework\spring-messaging\5.0.4.RELEASE\spring-messaging-5.0.4.RELEASE.jar;D:\java\mvn\repository\org\springframework\spring-tuple\1.0.0.RELEASE\spring-tuple-1.0.0.RELEASE.jar;D:\java\mvn\repository\com\esotericsoftware\kryo-shaded\3.0.3\kryo-shaded-3.0.3.jar;D:\java\mvn\repository\com\esotericsoftware\minlog\1.3.0\minlog-1.3.0.jar;D:\java\mvn\repository\org\objenesis\objenesis\2.1\objenesis-2.1.jar;D:\java\mvn\repository\org\springframework\integration\spring-integration-tuple\1.0.0.RELEASE\spring-integration-tuple-1.0.0.RELEASE.jar;D:\java\mvn\repository\org\springframework\retry\spring-retry\1.2.2.RELEASE\spring-retry-1.2.2.RELEASE.jar;D:\java\mvn\repository\org\springframework\boot\spring-boot-starter-amqp\2.0.0.RELEASE\spring-boot-starter-amqp-2.0.0.RELEASE.jar;D:\java\mvn\repository\org\springframework\amqp\spring-rabbit\2.0.2.RELEASE\spring-rabbit-2.0.2.RELEASE.jar;D:\java\mvn\repository\org\springframework\amqp\spring-amqp\2.0.2.RELEASE\spring-amqp-2.0.2.RELEASE.jar;D:\java\mvn\repository\com\rabbitmq\amqp-client\5.1.2\amqp-client-5.1.2.jar;D:\java\mvn\repository\org\springframework\integration\spring-integration-amqp\5.0.3.RELEASE\spring-integration-amqp-5.0.3.RELEASE.jar;D:\java\mvn\repository\org\springframework\integration\spring-integration-core\5.0.3.RELEASE\spring-integration-core-5.0.3.RELEASE.jar;D:\java\mvn\repository\org\springframework\spring-tx\5.0.4.RELEASE\spring-tx-5.0.4.RELEASE.jar;D:\java\mvn\repository\io\projectreactor\reactor-core\3.1.5.RELEASE\reactor-core-3.1.5.RELEASE.jar;D:\java\mvn\repository\org\reactivestreams\reactive-streams\1.0.2\reactive-streams-1.0.2.jar;D:\java\mvn\repository\io\micrometer\micrometer-core\1.0.1\micrometer-core-1.0.1.jar;D:\java\mvn\repository\org\hdrhistogram\HdrHistogram\2.1.10\HdrHistogram-2.1.10.jar;D:\java\mvn\repository\org\latencyutils\LatencyUtils\2.0.3\LatencyUtils-2.0.3.jar;D:\java\mvn\repository\org\springframework\integration\spring-integration-jmx\5.0.3.RELEASE\spring-integration-jmx-5.0.3.RELEASE.jar;D:\java\mvn\repository\org\apache\commons\commons-lang3\3.7\commons-lang3-3.7.jar;D:\java\mvn\repository\com\alibaba\fastjson\1.2.49\fastjson-1.2.49.jar;"/>
    <property name="sun.cpu.endian" value="little"/>
    <property name="user.home" value="C:\Users\yjy"/>
    <property name="user.language" value="zh"/>
    <property name="java.specification.vendor" value="Oracle Corporation"/>
    <property name="java.home" value="D:\java\program\jdk1.8"/>
    <property name="basedir" value="D:\java\workspace\exlipse1908\yjy-mq-git"/>
    <property name="file.separator" value="\"/>
    <property name="line.separator" value="&#10;"/>
    <property name="java.vm.specification.vendor" value="Oracle Corporation"/>
    <property name="java.specification.name" value="Java Platform API Specification"/>
    <property name="java.awt.graphicsenv" value="sun.awt.Win32GraphicsEnvironment"/>
    <property name="surefire.real.class.path" value="C:\Users\yjy\AppData\Local\Temp\surefire9204561964945506569\surefirebooter1521488697218547584.jar"/>
    <property name="sun.boot.class.path" value="D:\java\program\jdk1.8\lib\resources.jar;D:\java\program\jdk1.8\lib\rt.jar;D:\java\program\jdk1.8\lib\sunrsasign.jar;D:\java\program\jdk1.8\lib\jsse.jar;D:\java\program\jdk1.8\lib\jce.jar;D:\java\program\jdk1.8\lib\charsets.jar;D:\java\program\jdk1.8\lib\jfr.jar;D:\java\program\jdk1.8\classes"/>
    <property name="user.script" value=""/>
    <property name="sun.management.compiler" value="HotSpot 64-Bit Tiered Compilers"/>
    <property name="java.runtime.version" value="1.8.0_45-b14"/>
    <property name="user.name" value="yjy"/>
    <property name="path.separator" value=";"/>
    <property name="os.version" value="6.3"/>
    <property name="java.endorsed.dirs" value="D:\java\program\jdk1.8\lib\endorsed"/>
    <property name="java.runtime.name" value="Java(TM) SE Runtime Environment"/>
    <property name="file.encoding" value="GBK"/>
    <property name="java.vm.name" value="Java HotSpot(TM) 64-Bit Server VM"/>
    <property name="localRepository" value="D:\java\mvn\repository"/>
    <property name="java.vendor.url.bug" value="http://bugreport.sun.com/bugreport/"/>
    <property name="java.io.tmpdir" value="C:\Users\yjy\AppData\Local\Temp\"/>
    <property name="java.version" value="1.8.0_45"/>
    <property name="user.dir" value="D:\java\workspace\exlipse1908\yjy-mq-git"/>
    <property name="os.arch" value="amd64"/>
    <property name="java.vm.specification.name" value="Java Virtual Machine Specification"/>
    <property name="java.awt.printerjob" value="sun.awt.windows.WPrinterJob"/>
    <property name="sun.os.patch.level" value=""/>
    <property name="java.library.path" value="D:\java\program\jdk1.8\bin;C:\WINDOWS\Sun\Java\bin;C:\WINDOWS\system32;C:\WINDOWS;C:\Program Files (x86)\Intel\Intel(R) Management Engine Components\iCLS\;C:\Program Files\Intel\Intel(R) Management Engine Components\iCLS\;C:\WINDOWS\system32;C:\WINDOWS;C:\WINDOWS\System32\Wbem;C:\WINDOWS\System32\WindowsPowerShell\v1.0\;C:\Program Files (x86)\Intel\Intel(R) Management Engine Components\DAL;C:\Program Files\Intel\Intel(R) Management Engine Components\DAL;C:\Program Files (x86)\Intel\Intel(R) Management Engine Components\IPT;C:\Program Files\Intel\Intel(R) Management Engine Components\IPT;D:\java\program\jdk1.8\bin;D:\java\program\jdk1.8\jre\bin;D:\java\program\TortoiseSVN\bin;D:\java\program\apache-maven-3.5.3\bin;D:\java\program\Git\cmd;D:\java\program\mysql\mysql-5.6.40\bin;C:\WINDOWS\System32\OpenSSH\;D:\Program Files\erl10.1\bin;C:\Users\yjy\AppData\Local\Microsoft\WindowsApps;D:\java\programl\Fiddler;."/>
    <property name="java.vm.info" value="mixed mode"/>
    <property name="java.vendor" value="Oracle Corporation"/>
    <property name="java.vm.version" value="25.45-b02"/>
    <property name="java.ext.dirs" value="D:\java\program\jdk1.8\lib\ext;C:\WINDOWS\Sun\Java\lib\ext"/>
    <property name="sun.io.unicode.encoding" value="UnicodeLittle"/>
    <property name="java.class.version" value="52.0"/>
  </properties>
</testsuite>